# JRE version: Java(TM) SE Runtime Environment (8.0_131-b11) (build 1.8.0_131-b11)
# Java VM: Java HotSpot(TM) 64-Bit Server VM (25.131-b11 mixed mode windows-amd64 compressed oops)
Heap:
 PSYoungGen      total 165376K, used 100680K [0x00000000d5700000, 0x00000000e0980000, 0x0000000100000000)
  eden space 152576K, 65% used [0x00000000d5700000,0x00000000db952278,0x00000000dec00000)
  from space 12800K, 0% used [0x00000000df900000,0x00000000df900000,0x00000000e0580000)
  to   space 13312K, 0% used [0x00000000dec00000,0x00000000dec00000,0x00000000df900000)
 ParOldGen       total 50688K, used 19329K [0x0000000080400000, 0x0000000083580000, 0x00000000d5700000)
  object space 50688K, 38% used [0x0000000080400000,0x00000000816e07e8,0x0000000083580000)
 Metaspace       used 46422K, capacity 48617K, committed 48680K, reserved 1097728K
  class space    used 6484K, capacity 6934K, committed 6952K, reserved 1048576K
GC Heap History (10 events):
Event: 9.825 GC heap before
{Heap before GC invocations=8 (full 1):
 PSYoungGen      total 61952K, used 61891K [0x00000000d5700000, 0x00000000da380000, 0x0000000100000000)
  eden space 58880K, 100% used [0x00000000d5700000,0x00000000d9080000,0x00000000d9080000)
  from space 3072K, 98% used [0x00000000da080000,0x00000000da370e80,0x00000000da380000)
  to   space 9216K, 0% used [0x00000000d9180000,0x00000000d9180000,0x00000000d9a80000)
 ParOldGen       total 50688K, used 7025K [0x0000000080400000, 0x0000000083580000, 0x00000000d5700000)
  object space 50688K, 13% used [0x0000000080400000,0x0000000080adc4d0,0x0000000083580000)
 Metaspace       used 22714K, capacity 23456K, committed 23552K, reserved 1069056K
  class space    used 3053K, capacity 3272K, committed 3328K, reserved 1048576K
Event: 9.831 GC heap after
Heap after GC invocations=8 (full 1):
 PSYoungGen      total 69120K, used 4240K [0x00000000d5700000, 0x00000000dcf00000, 0x0000000100000000)
  eden space 59904K, 0% used [0x00000000d5700000,0x00000000d5700000,0x00000000d9180000)
  from space 9216K, 46% used [0x00000000d9180000,0x00000000d95a40c8,0x00000000d9a80000)
  to   space 8704K, 0% used [0x00000000dc680000,0x00000000dc680000,0x00000000dcf00000)
 ParOldGen       total 50688K, used 7033K [0x0000000080400000, 0x0000000083580000, 0x00000000d5700000)
  object space 50688K, 13% used [0x0000000080400000,0x0000000080ade4d0,0x0000000083580000)
 Metaspace       used 22714K, capacity 23456K, committed 23552K, reserved 1069056K
  class space    used 3053K, capacity 3272K, committed 3328K, reserved 1048576K
}
Event: 10.744 GC heap before
{Heap before GC invocations=9 (full 1):
 PSYoungGen      total 69120K, used 64144K [0x00000000d5700000, 0x00000000dcf00000, 0x0000000100000000)
  eden space 59904K, 100% used [0x00000000d5700000,0x00000000d9180000,0x00000000d9180000)
  from space 9216K, 46% used [0x00000000d9180000,0x00000000d95a40c8,0x00000000d9a80000)
  to   space 8704K, 0% used [0x00000000dc680000,0x00000000dc680000,0x00000000dcf00000)
 ParOldGen       total 50688K, used 7033K [0x0000000080400000, 0x0000000083580000, 0x00000000d5700000)
  object space 50688K, 13% used [0x0000000080400000,0x0000000080ade4d0,0x0000000083580000)
 Metaspace       used 26634K, capacity 27792K, committed 28032K, reserved 1073152K
  class space    used 3644K, capacity 3912K, committed 3968K, reserved 1048576K
Event: 10.754 GC heap after
Heap after GC invocations=9 (full 1):
 PSYoungGen      total 113152K, used 8688K [0x00000000d5700000, 0x00000000dd280000, 0x0000000100000000)
  eden space 104448K, 0% used [0x00000000d5700000,0x00000000d5700000,0x00000000dbd00000)
  from space 8704K, 99% used [0x00000000dc680000,0x00000000dcefc108,0x00000000dcf00000)
  to   space 9728K, 0% used [0x00000000dbd00000,0x00000000dbd00000,0x00000000dc680000)
 ParOldGen       total 50688K, used 7171K [0x0000000080400000, 0x0000000083580000, 0x00000000d5700000)
  object space 50688K, 14% used [0x0000000080400000,0x0000000080b00df8,0x0000000083580000)
 Metaspace       used 26634K, capacity 27792K, committed 28032K, reserved 1073152K
  class space    used 3644K, capacity 3912K, committed 3968K, reserved 1048576K
}
Event: 12.562 GC heap before
{Heap before GC invocations=10 (full 1):
 PSYoungGen      total 113152K, used 113136K [0x00000000d5700000, 0x00000000dd280000, 0x0000000100000000)
  eden space 104448K, 100% used [0x00000000d5700000,0x00000000dbd00000,0x00000000dbd00000)
  from space 8704K, 99% used [0x00000000dc680000,0x00000000dcefc108,0x00000000dcf00000)
  to   space 9728K, 0% used [0x00000000dbd00000,0x00000000dbd00000,0x00000000dc680000)
 ParOldGen       total 50688K, used 7171K [0x0000000080400000, 0x0000000083580000, 0x00000000d5700000)
  object space 50688K, 14% used [0x0000000080400000,0x0000000080b00df8,0x0000000083580000)
 Metaspace       used 29932K, capacity 31506K, committed 31872K, reserved 1077248K
  class space    used 4079K, capacity 4383K, committed 4480K, reserved 1048576K
Event: 12.580 GC heap after
Heap after GC invocations=10 (full 1):
 PSYoungGen      total 114176K, used 9718K [0x00000000d5700000, 0x00000000e0580000, 0x0000000100000000)
  eden space 104448K, 0% used [0x00000000d5700000,0x00000000d5700000,0x00000000dbd00000)
  from space 9728K, 99% used [0x00000000dbd00000,0x00000000dc67d858,0x00000000dc680000)
  to   space 12800K, 0% used [0x00000000df900000,0x00000000df900000,0x00000000e0580000)
 ParOldGen       total 50688K, used 10955K [0x0000000080400000, 0x0000000083580000, 0x00000000d5700000)
  object space 50688K, 21% used [0x0000000080400000,0x0000000080eb2c38,0x0000000083580000)
 Metaspace       used 29932K, capacity 31506K, committed 31872K, reserved 1077248K
  class space    used 4079K, capacity 4383K, committed 4480K, reserved 1048576K
}
Event: 13.224 GC heap before
{Heap before GC invocations=11 (full 1):
 PSYoungGen      total 114176K, used 38424K [0x00000000d5700000, 0x00000000e0580000, 0x0000000100000000)
  eden space 104448K, 27% used [0x00000000d5700000,0x00000000d73087c8,0x00000000dbd00000)
  from space 9728K, 99% used [0x00000000dbd00000,0x00000000dc67d858,0x00000000dc680000)
  to   space 12800K, 0% used [0x00000000df900000,0x00000000df900000,0x00000000e0580000)
 ParOldGen       total 50688K, used 10955K [0x0000000080400000, 0x0000000083580000, 0x00000000d5700000)
  object space 50688K, 21% used [0x0000000080400000,0x0000000080eb2c38,0x0000000083580000)
 Metaspace       used 33826K, capacity 35430K, committed 35496K, reserved 1079296K
  class space    used 4454K, capacity 4763K, committed 4776K, reserved 1048576K
Event: 13.240 GC heap after
Heap after GC invocations=11 (full 1):
 PSYoungGen      total 165376K, used 9202K [0x00000000d5700000, 0x00000000e0980000, 0x0000000100000000)
  eden space 152576K, 0% used [0x00000000d5700000,0x00000000d5700000,0x00000000dec00000)
  from space 12800K, 71% used [0x00000000df900000,0x00000000e01fc870,0x00000000e0580000)
  to   space 13312K, 0% used [0x00000000dec00000,0x00000000dec00000,0x00000000df900000)
 ParOldGen       total 50688K, used 15066K [0x0000000080400000, 0x0000000083580000, 0x00000000d5700000)
  object space 50688K, 29% used [0x0000000080400000,0x00000000812b6ab0,0x0000000083580000)
 Metaspace       used 33826K, capacity 35430K, committed 35496K, reserved 1079296K
  class space    used 4454K, capacity 4763K, committed 4776K, reserved 1048576K
}
Event: 13.240 GC heap before
{Heap before GC invocations=12 (full 2):
 PSYoungGen      total 165376K, used 9202K [0x00000000d5700000, 0x00000000e0980000, 0x0000000100000000)
  eden space 152576K, 0% used [0x00000000d5700000,0x00000000d5700000,0x00000000dec00000)
  from space 12800K, 71% used [0x00000000df900000,0x00000000e01fc870,0x00000000e0580000)
  to   space 13312K, 0% used [0x00000000dec00000,0x00000000dec00000,0x00000000df900000)
 ParOldGen       total 50688K, used 15066K [0x0000000080400000, 0x0000000083580000, 0x00000000d5700000)
  object space 50688K, 29% used [0x0000000080400000,0x00000000812b6ab0,0x0000000083580000)
 Metaspace       used 33826K, capacity 35430K, committed 35496K, reserved 1079296K
  class space    used 4454K, capacity 4763K, committed 4776K, reserved 1048576K
Event: 13.320 GC heap after
Heap after GC invocations=12 (full 2):
 PSYoungGen      total 165376K, used 0K [0x00000000d5700000, 0x00000000e0980000, 0x0000000100000000)
  eden space 152576K, 0% used [0x00000000d5700000,0x00000000d5700000,0x00000000dec00000)
  from space 12800K, 0% used [0x00000000df900000,0x00000000df900000,0x00000000e0580000)
  to   space 13312K, 0% used [0x00000000dec00000,0x00000000dec00000,0x00000000df900000)
 ParOldGen       total 50688K, used 19329K [0x0000000080400000, 0x0000000083580000, 0x00000000d5700000)
  object space 50688K, 38% used [0x0000000080400000,0x00000000816e07e8,0x0000000083580000)
 Metaspace       used 33826K, capacity 35430K, committed 35496K, reserved 1079296K
  class space    used 4454K, capacity 4763K, committed 4776K, reserved 1048576K
}

