# JRE version: Java(TM) SE Runtime Environment (8.0_131-b11) (build 1.8.0_131-b11)
# Java VM: Java HotSpot(TM) 64-Bit Server VM (25.131-b11 mixed mode windows-amd64 compressed oops)
Heap:
 PSYoungGen      total 38400K, used 8267K [0x00000000d5700000, 0x00000000d8180000, 0x0000000100000000)
  eden space 33280K, 11% used [0x00000000d5700000,0x00000000d5ab0f50,0x00000000d7780000)
  from space 5120K, 87% used [0x00000000d7c80000,0x00000000d80e1fc8,0x00000000d8180000)
  to   space 5120K, 0% used [0x00000000d7780000,0x00000000d7780000,0x00000000d7c80000)
 ParOldGen       total 51712K, used 6435K [0x0000000080400000, 0x0000000083680000, 0x00000000d5700000)
  object space 51712K, 12% used [0x0000000080400000,0x0000000080a48e98,0x0000000083680000)
 Metaspace       used 26612K, capacity 27370K, committed 27520K, reserved 1073152K
  class space    used 3417K, capacity 3610K, committed 3712K, reserved 1048576K
GC Heap History (10 events):
Event: 1.587 GC heap before
{Heap before GC invocations=5 (full 0):
 PSYoungGen      total 38400K, used 20939K [0x00000000d5700000, 0x00000000d8180000, 0x0000000100000000)
  eden space 33280K, 47% used [0x00000000d5700000,0x00000000d667a590,0x00000000d7780000)
  from space 5120K, 99% used [0x00000000d7c80000,0x00000000d8178920,0x00000000d8180000)
  to   space 5120K, 0% used [0x00000000d7780000,0x00000000d7780000,0x00000000d7c80000)
 ParOldGen       total 87552K, used 2728K [0x0000000080400000, 0x0000000085980000, 0x00000000d5700000)
  object space 87552K, 3% used [0x0000000080400000,0x00000000806aa130,0x0000000085980000)
 Metaspace       used 20615K, capacity 21122K, committed 21296K, reserved 1067008K
  class space    used 2674K, capacity 2830K, committed 2944K, reserved 1048576K
Event: 1.593 GC heap after
Heap after GC invocations=5 (full 0):
 PSYoungGen      total 38400K, used 5112K [0x00000000d5700000, 0x00000000d8180000, 0x0000000100000000)
  eden space 33280K, 0% used [0x00000000d5700000,0x00000000d5700000,0x00000000d7780000)
  from space 5120K, 99% used [0x00000000d7780000,0x00000000d7c7e1e8,0x00000000d7c80000)
  to   space 5120K, 0% used [0x00000000d7c80000,0x00000000d7c80000,0x00000000d8180000)
 ParOldGen       total 87552K, used 4137K [0x0000000080400000, 0x0000000085980000, 0x00000000d5700000)
  object space 87552K, 4% used [0x0000000080400000,0x000000008080a400,0x0000000085980000)
 Metaspace       used 20615K, capacity 21122K, committed 21296K, reserved 1067008K
  class space    used 2674K, capacity 2830K, committed 2944K, reserved 1048576K
}
Event: 1.593 GC heap before
{Heap before GC invocations=6 (full 1):
 PSYoungGen      total 38400K, used 5112K [0x00000000d5700000, 0x00000000d8180000, 0x0000000100000000)
  eden space 33280K, 0% used [0x00000000d5700000,0x00000000d5700000,0x00000000d7780000)
  from space 5120K, 99% used [0x00000000d7780000,0x00000000d7c7e1e8,0x00000000d7c80000)
  to   space 5120K, 0% used [0x00000000d7c80000,0x00000000d7c80000,0x00000000d8180000)
 ParOldGen       total 87552K, used 4137K [0x0000000080400000, 0x0000000085980000, 0x00000000d5700000)
  object space 87552K, 4% used [0x0000000080400000,0x000000008080a400,0x0000000085980000)
 Metaspace       used 20615K, capacity 21122K, committed 21296K, reserved 1067008K
  class space    used 2674K, capacity 2830K, committed 2944K, reserved 1048576K
Event: 1.618 GC heap after
Heap after GC invocations=6 (full 1):
 PSYoungGen      total 38400K, used 0K [0x00000000d5700000, 0x00000000d8180000, 0x0000000100000000)
  eden space 33280K, 0% used [0x00000000d5700000,0x00000000d5700000,0x00000000d7780000)
  from space 5120K, 0% used [0x00000000d7780000,0x00000000d7780000,0x00000000d7c80000)
  to   space 5120K, 0% used [0x00000000d7c80000,0x00000000d7c80000,0x00000000d8180000)
 ParOldGen       total 51712K, used 6355K [0x0000000080400000, 0x0000000083680000, 0x00000000d5700000)
  object space 51712K, 12% used [0x0000000080400000,0x0000000080a34e88,0x0000000083680000)
 Metaspace       used 20615K, capacity 21122K, committed 21296K, reserved 1067008K
  class space    used 2674K, capacity 2830K, committed 2944K, reserved 1048576K
}
Event: 1.841 GC heap before
{Heap before GC invocations=7 (full 1):
 PSYoungGen      total 38400K, used 33280K [0x00000000d5700000, 0x00000000d8180000, 0x0000000100000000)
  eden space 33280K, 100% used [0x00000000d5700000,0x00000000d7780000,0x00000000d7780000)
  from space 5120K, 0% used [0x00000000d7780000,0x00000000d7780000,0x00000000d7c80000)
  to   space 5120K, 0% used [0x00000000d7c80000,0x00000000d7c80000,0x00000000d8180000)
 ParOldGen       total 51712K, used 6355K [0x0000000080400000, 0x0000000083680000, 0x00000000d5700000)
  object space 51712K, 12% used [0x0000000080400000,0x0000000080a34e88,0x0000000083680000)
 Metaspace       used 23056K, capacity 23632K, committed 23936K, reserved 1071104K
  class space    used 2974K, capacity 3141K, committed 3200K, reserved 1048576K
Event: 1.846 GC heap after
Heap after GC invocations=7 (full 1):
 PSYoungGen      total 38400K, used 4008K [0x00000000d5700000, 0x00000000d8180000, 0x0000000100000000)
  eden space 33280K, 0% used [0x00000000d5700000,0x00000000d5700000,0x00000000d7780000)
  from space 5120K, 78% used [0x00000000d7c80000,0x00000000d806a008,0x00000000d8180000)
  to   space 5120K, 0% used [0x00000000d7780000,0x00000000d7780000,0x00000000d7c80000)
 ParOldGen       total 51712K, used 6363K [0x0000000080400000, 0x0000000083680000, 0x00000000d5700000)
  object space 51712K, 12% used [0x0000000080400000,0x0000000080a36e88,0x0000000083680000)
 Metaspace       used 23056K, capacity 23632K, committed 23936K, reserved 1071104K
  class space    used 2974K, capacity 3141K, committed 3200K, reserved 1048576K
}
Event: 1.871 GC heap before
{Heap before GC invocations=8 (full 1):
 PSYoungGen      total 38400K, used 37231K [0x00000000d5700000, 0x00000000d8180000, 0x0000000100000000)
  eden space 33280K, 99% used [0x00000000d5700000,0x00000000d7771d78,0x00000000d7780000)
  from space 5120K, 78% used [0x00000000d7c80000,0x00000000d806a008,0x00000000d8180000)
  to   space 5120K, 0% used [0x00000000d7780000,0x00000000d7780000,0x00000000d7c80000)
 ParOldGen       total 51712K, used 6363K [0x0000000080400000, 0x0000000083680000, 0x00000000d5700000)
  object space 51712K, 12% used [0x0000000080400000,0x0000000080a36e88,0x0000000083680000)
 Metaspace       used 23175K, capacity 23804K, committed 23936K, reserved 1071104K
  class space    used 2994K, capacity 3175K, committed 3200K, reserved 1048576K
Event: 1.874 GC heap after
Heap after GC invocations=8 (full 1):
 PSYoungGen      total 38400K, used 1555K [0x00000000d5700000, 0x00000000d8180000, 0x0000000100000000)
  eden space 33280K, 0% used [0x00000000d5700000,0x00000000d5700000,0x00000000d7780000)
  from space 5120K, 30% used [0x00000000d7780000,0x00000000d7904c60,0x00000000d7c80000)
  to   space 5120K, 0% used [0x00000000d7c80000,0x00000000d7c80000,0x00000000d8180000)
 ParOldGen       total 51712K, used 6363K [0x0000000080400000, 0x0000000083680000, 0x00000000d5700000)
  object space 51712K, 12% used [0x0000000080400000,0x0000000080a36e88,0x0000000083680000)
 Metaspace       used 23175K, capacity 23804K, committed 23936K, reserved 1071104K
  class space    used 2994K, capacity 3175K, committed 3200K, reserved 1048576K
}
Event: 2.169 GC heap before
{Heap before GC invocations=9 (full 1):
 PSYoungGen      total 38400K, used 34835K [0x00000000d5700000, 0x00000000d8180000, 0x0000000100000000)
  eden space 33280K, 100% used [0x00000000d5700000,0x00000000d7780000,0x00000000d7780000)
  from space 5120K, 30% used [0x00000000d7780000,0x00000000d7904c60,0x00000000d7c80000)
  to   space 5120K, 0% used [0x00000000d7c80000,0x00000000d7c80000,0x00000000d8180000)
 ParOldGen       total 51712K, used 6363K [0x0000000080400000, 0x0000000083680000, 0x00000000d5700000)
  object space 51712K, 12% used [0x0000000080400000,0x0000000080a36e88,0x0000000083680000)
 Metaspace       used 25655K, capacity 26404K, committed 26624K, reserved 1073152K
  class space    used 3291K, capacity 3481K, committed 3584K, reserved 1048576K
Event: 2.184 GC heap after
Heap after GC invocations=9 (full 1):
 PSYoungGen      total 38400K, used 4487K [0x00000000d5700000, 0x00000000d8180000, 0x0000000100000000)
  eden space 33280K, 0% used [0x00000000d5700000,0x00000000d5700000,0x00000000d7780000)
  from space 5120K, 87% used [0x00000000d7c80000,0x00000000d80e1fc8,0x00000000d8180000)
  to   space 5120K, 0% used [0x00000000d7780000,0x00000000d7780000,0x00000000d7c80000)
 ParOldGen       total 51712K, used 6435K [0x0000000080400000, 0x0000000083680000, 0x00000000d5700000)
  object space 51712K, 12% used [0x0000000080400000,0x0000000080a48e98,0x0000000083680000)
 Metaspace       used 25655K, capacity 26404K, committed 26624K, reserved 1073152K
  class space    used 3291K, capacity 3481K, committed 3584K, reserved 1048576K
}

