# JRE version: Java(TM) SE Runtime Environment (8.0_131-b11) (build 1.8.0_131-b11)
# Java VM: Java HotSpot(TM) 64-Bit Server VM (25.131-b11 mixed mode windows-amd64 compressed oops)
Heap:
 PSYoungGen      total 110592K, used 45139K [0x00000000d5700000, 0x00000000dcc80000, 0x0000000100000000)
  eden space 100864K, 44% used [0x00000000d5700000,0x00000000d8314eb0,0x00000000db980000)
  from space 9728K, 0% used [0x00000000db980000,0x00000000db980000,0x00000000dc300000)
  to   space 8704K, 0% used [0x00000000dc380000,0x00000000dc380000,0x00000000dcc00000)
 ParOldGen       total 79872K, used 12524K [0x0000000080400000, 0x0000000085200000, 0x00000000d5700000)
  object space 79872K, 15% used [0x0000000080400000,0x000000008103b068,0x0000000085200000)
 Metaspace       used 40223K, capacity 41356K, committed 41728K, reserved 1087488K
  class space    used 5342K, capacity 5613K, committed 5632K, reserved 1048576K
GC Heap History (10 events):
Event: 2.621 GC heap before
{Heap before GC invocations=7 (full 1):
 PSYoungGen      total 71680K, used 66540K [0x00000000d5700000, 0x00000000da200000, 0x0000000100000000)
  eden space 66560K, 99% used [0x00000000d5700000,0x00000000d97fb0f8,0x00000000d9800000)
  from space 5120K, 0% used [0x00000000d9800000,0x00000000d9800000,0x00000000d9d00000)
  to   space 5120K, 0% used [0x00000000d9d00000,0x00000000d9d00000,0x00000000da200000)
 ParOldGen       total 53248K, used 6373K [0x0000000080400000, 0x0000000083800000, 0x00000000d5700000)
  object space 53248K, 11% used [0x0000000080400000,0x0000000080a397e8,0x0000000083800000)
 Metaspace       used 23413K, capacity 24064K, committed 24320K, reserved 1071104K
  class space    used 3027K, capacity 3203K, committed 3328K, reserved 1048576K
Event: 2.626 GC heap after
Heap after GC invocations=7 (full 1):
 PSYoungGen      total 69120K, used 4551K [0x00000000d5700000, 0x00000000dd080000, 0x0000000100000000)
  eden space 64000K, 0% used [0x00000000d5700000,0x00000000d5700000,0x00000000d9580000)
  from space 5120K, 88% used [0x00000000d9d00000,0x00000000da171d78,0x00000000da200000)
  to   space 7680K, 0% used [0x00000000d9580000,0x00000000d9580000,0x00000000d9d00000)
 ParOldGen       total 53248K, used 6381K [0x0000000080400000, 0x0000000083800000, 0x00000000d5700000)
  object space 53248K, 11% used [0x0000000080400000,0x0000000080a3b7e8,0x0000000083800000)
 Metaspace       used 23413K, capacity 24064K, committed 24320K, reserved 1071104K
  class space    used 3027K, capacity 3203K, committed 3328K, reserved 1048576K
}
Event: 3.320 GC heap before
{Heap before GC invocations=8 (full 1):
 PSYoungGen      total 69120K, used 68551K [0x00000000d5700000, 0x00000000dd080000, 0x0000000100000000)
  eden space 64000K, 100% used [0x00000000d5700000,0x00000000d9580000,0x00000000d9580000)
  from space 5120K, 88% used [0x00000000d9d00000,0x00000000da171d78,0x00000000da200000)
  to   space 7680K, 0% used [0x00000000d9580000,0x00000000d9580000,0x00000000d9d00000)
 ParOldGen       total 53248K, used 6381K [0x0000000080400000, 0x0000000083800000, 0x00000000d5700000)
  object space 53248K, 11% used [0x0000000080400000,0x0000000080a3b7e8,0x0000000083800000)
 Metaspace       used 28347K, capacity 29198K, committed 29568K, reserved 1075200K
  class space    used 3661K, capacity 3860K, committed 3968K, reserved 1048576K
Event: 3.326 GC heap after
Heap after GC invocations=8 (full 1):
 PSYoungGen      total 71680K, used 7531K [0x00000000d5700000, 0x00000000dcc00000, 0x0000000100000000)
  eden space 64000K, 0% used [0x00000000d5700000,0x00000000d5700000,0x00000000d9580000)
  from space 7680K, 98% used [0x00000000d9580000,0x00000000d9cdade0,0x00000000d9d00000)
  to   space 8704K, 0% used [0x00000000dc380000,0x00000000dc380000,0x00000000dcc00000)
 ParOldGen       total 53248K, used 6453K [0x0000000080400000, 0x0000000083800000, 0x00000000d5700000)
  object space 53248K, 12% used [0x0000000080400000,0x0000000080a4d7f8,0x0000000083800000)
 Metaspace       used 28347K, capacity 29198K, committed 29568K, reserved 1075200K
  class space    used 3661K, capacity 3860K, committed 3968K, reserved 1048576K
}
Event: 4.276 GC heap before
{Heap before GC invocations=9 (full 1):
 PSYoungGen      total 71680K, used 71531K [0x00000000d5700000, 0x00000000dcc00000, 0x0000000100000000)
  eden space 64000K, 100% used [0x00000000d5700000,0x00000000d9580000,0x00000000d9580000)
  from space 7680K, 98% used [0x00000000d9580000,0x00000000d9cdade0,0x00000000d9d00000)
  to   space 8704K, 0% used [0x00000000dc380000,0x00000000dc380000,0x00000000dcc00000)
 ParOldGen       total 53248K, used 6453K [0x0000000080400000, 0x0000000083800000, 0x00000000d5700000)
  object space 53248K, 12% used [0x0000000080400000,0x0000000080a4d7f8,0x0000000083800000)
 Metaspace       used 33310K, capacity 34326K, committed 34432K, reserved 1079296K
  class space    used 4210K, capacity 4434K, committed 4480K, reserved 1048576K
Event: 4.288 GC heap after
Heap after GC invocations=9 (full 1):
 PSYoungGen      total 109568K, used 8676K [0x00000000d5700000, 0x00000000dcc80000, 0x0000000100000000)
  eden space 100864K, 0% used [0x00000000d5700000,0x00000000d5700000,0x00000000db980000)
  from space 8704K, 99% used [0x00000000dc380000,0x00000000dcbf9000,0x00000000dcc00000)
  to   space 9728K, 0% used [0x00000000db980000,0x00000000db980000,0x00000000dc300000)
 ParOldGen       total 53248K, used 7533K [0x0000000080400000, 0x0000000083800000, 0x00000000d5700000)
  object space 53248K, 14% used [0x0000000080400000,0x0000000080b5b7b0,0x0000000083800000)
 Metaspace       used 33310K, capacity 34326K, committed 34432K, reserved 1079296K
  class space    used 4210K, capacity 4434K, committed 4480K, reserved 1048576K
}
Event: 4.498 GC heap before
{Heap before GC invocations=10 (full 1):
 PSYoungGen      total 109568K, used 21396K [0x00000000d5700000, 0x00000000dcc80000, 0x0000000100000000)
  eden space 100864K, 12% used [0x00000000d5700000,0x00000000d636c3e0,0x00000000db980000)
  from space 8704K, 99% used [0x00000000dc380000,0x00000000dcbf9000,0x00000000dcc00000)
  to   space 9728K, 0% used [0x00000000db980000,0x00000000db980000,0x00000000dc300000)
 ParOldGen       total 53248K, used 7533K [0x0000000080400000, 0x0000000083800000, 0x00000000d5700000)
  object space 53248K, 14% used [0x0000000080400000,0x0000000080b5b7b0,0x0000000083800000)
 Metaspace       used 34312K, capacity 35380K, committed 35496K, reserved 1081344K
  class space    used 4341K, capacity 4605K, committed 4608K, reserved 1048576K
Event: 4.506 GC heap after
Heap after GC invocations=10 (full 1):
 PSYoungGen      total 110592K, used 6958K [0x00000000d5700000, 0x00000000dcc80000, 0x0000000100000000)
  eden space 100864K, 0% used [0x00000000d5700000,0x00000000d5700000,0x00000000db980000)
  from space 9728K, 71% used [0x00000000db980000,0x00000000dc04b9e0,0x00000000dc300000)
  to   space 8704K, 0% used [0x00000000dc380000,0x00000000dc380000,0x00000000dcc00000)
 ParOldGen       total 53248K, used 8835K [0x0000000080400000, 0x0000000083800000, 0x00000000d5700000)
  object space 53248K, 16% used [0x0000000080400000,0x0000000080ca0cf0,0x0000000083800000)
 Metaspace       used 34312K, capacity 35380K, committed 35496K, reserved 1081344K
  class space    used 4341K, capacity 4605K, committed 4608K, reserved 1048576K
}
Event: 4.506 GC heap before
{Heap before GC invocations=11 (full 2):
 PSYoungGen      total 110592K, used 6958K [0x00000000d5700000, 0x00000000dcc80000, 0x0000000100000000)
  eden space 100864K, 0% used [0x00000000d5700000,0x00000000d5700000,0x00000000db980000)
  from space 9728K, 71% used [0x00000000db980000,0x00000000dc04b9e0,0x00000000dc300000)
  to   space 8704K, 0% used [0x00000000dc380000,0x00000000dc380000,0x00000000dcc00000)
 ParOldGen       total 53248K, used 8835K [0x0000000080400000, 0x0000000083800000, 0x00000000d5700000)
  object space 53248K, 16% used [0x0000000080400000,0x0000000080ca0cf0,0x0000000083800000)
 Metaspace       used 34312K, capacity 35380K, committed 35496K, reserved 1081344K
  class space    used 4341K, capacity 4605K, committed 4608K, reserved 1048576K
Event: 4.560 GC heap after
Heap after GC invocations=11 (full 2):
 PSYoungGen      total 110592K, used 0K [0x00000000d5700000, 0x00000000dcc80000, 0x0000000100000000)
  eden space 100864K, 0% used [0x00000000d5700000,0x00000000d5700000,0x00000000db980000)
  from space 9728K, 0% used [0x00000000db980000,0x00000000db980000,0x00000000dc300000)
  to   space 8704K, 0% used [0x00000000dc380000,0x00000000dc380000,0x00000000dcc00000)
 ParOldGen       total 79872K, used 12524K [0x0000000080400000, 0x0000000085200000, 0x00000000d5700000)
  object space 79872K, 15% used [0x0000000080400000,0x000000008103b068,0x0000000085200000)
 Metaspace       used 34312K, capacity 35380K, committed 35496K, reserved 1081344K
  class space    used 4341K, capacity 4605K, committed 4608K, reserved 1048576K
}

